<?xml version="1.0" encoding="UTF-8"?>
<!-- Generated by org.testng.reporters.JUnitReportReporter -->
<testsuite hostname="DESKTOP-LKFL36L" failures="0" tests="6" name="clipscripts.VerifyLanguage" time="16.468" errors="0" timestamp="02 May 2018 09:43:58 GMT" skipped="0">
  <testcase classname="clipscripts.VerifyLanguage" name="testlanguagetext" time="1.186"/>
  <testcase classname="clipscripts.VerifyLanguage" name="testgotologin" time="2.153"/>
  <testcase classname="clipscripts.VerifyLanguage" name="testloginmethodsenabled" time="0.514"/>
  <testcase classname="clipscripts.VerifyLanguage" name="testgmaillogin" time="7.407"/>
  <testcase classname="clipscripts.VerifyLanguage" name="testdrawerpage" time="1.660"/>
  <testcase classname="clipscripts.VerifyLanguage" name="testsettingpage" time="3.548"/>
</testsuite> <!-- clipscripts.VerifyLanguage -->
