<?xml version="1.0" encoding="UTF-8"?>
<!-- Generated by org.testng.reporters.JUnitReportReporter -->
<testsuite hostname="DESKTOP-LKFL36L" failures="0" tests="1" name="clipscripts.VerifyVideo" time="0.000" errors="0" timestamp="30 Mar 2018 08:01:21 GMT" skipped="0">
  <testcase classname="clipscripts.VerifyVideo" name="testcorrectusernamedispalyed" time="0.000"/>
</testsuite> <!-- clipscripts.VerifyVideo -->
